{"C:\\Users\\victo\\Projeto-LabProg\\src\\App.jsx": {"path":"C:\\Users\\victo\\Projeto-LabProg\\src\\App.jsx","statementMap":{"0":{"start":{"line":12,"column":4},"end":{"line":21,"column":6}},"1":{"start":{"line":27,"column":30},"end":{"line":27,"column":42}},"2":{"start":{"line":28,"column":30},"end":{"line":28,"column":42}},"3":{"start":{"line":29,"column":44},"end":{"line":29,"column":59}},"4":{"start":{"line":31,"column":21},"end":{"line":31,"column":34}},"5":{"start":{"line":33,"column":30},"end":{"line":33,"column":72}},"6":{"start":{"line":35,"column":25},"end":{"line":57,"column":5}},"7":{"start":{"line":36,"column":8},"end":{"line":36,"column":27}},"8":{"start":{"line":37,"column":27},"end":{"line":37,"column":43}},"9":{"start":{"line":39,"column":8},"end":{"line":56,"column":9}},"10":{"start":{"line":40,"column":29},"end":{"line":44,"column":14}},"11":{"start":{"line":46,"column":12},"end":{"line":53,"column":13}},"12":{"start":{"line":47,"column":29},"end":{"line":47,"column":50}},"13":{"start":{"line":48,"column":16},"end":{"line":48,"column":58}},"14":{"start":{"line":49,"column":16},"end":{"line":49,"column":53}},"15":{"start":{"line":50,"column":16},"end":{"line":50,"column":34}},"16":{"start":{"line":52,"column":16},"end":{"line":52,"column":50}},"17":{"start":{"line":55,"column":12},"end":{"line":55,"column":64}},"18":{"start":{"line":59,"column":4},"end":{"line":106,"column":6}},"19":{"start":{"line":70,"column":37},"end":{"line":70,"column":61}},"20":{"start":{"line":79,"column":37},"end":{"line":79,"column":61}},"21":{"start":{"line":99,"column":72},"end":{"line":99,"column":89}}},"fnMap":{"0":{"name":"App","decl":{"start":{"line":11,"column":9},"end":{"line":11,"column":12}},"loc":{"start":{"line":11,"column":15},"end":{"line":22,"column":1}},"line":11},"1":{"name":"LoginContent","decl":{"start":{"line":26,"column":9},"end":{"line":26,"column":21}},"loc":{"start":{"line":26,"column":24},"end":{"line":107,"column":1}},"line":26},"2":{"name":"(anonymous_2)","decl":{"start":{"line":35,"column":25},"end":{"line":35,"column":26}},"loc":{"start":{"line":35,"column":38},"end":{"line":57,"column":5}},"line":35},"3":{"name":"(anonymous_3)","decl":{"start":{"line":70,"column":30},"end":{"line":70,"column":31}},"loc":{"start":{"line":70,"column":37},"end":{"line":70,"column":61}},"line":70},"4":{"name":"(anonymous_4)","decl":{"start":{"line":79,"column":30},"end":{"line":79,"column":31}},"loc":{"start":{"line":79,"column":37},"end":{"line":79,"column":61}},"line":79},"5":{"name":"(anonymous_5)","decl":{"start":{"line":99,"column":66},"end":{"line":99,"column":67}},"loc":{"start":{"line":99,"column":72},"end":{"line":99,"column":89}},"line":99}},"branchMap":{"0":{"loc":{"start":{"line":33,"column":30},"end":{"line":33,"column":72}},"type":"binary-expr","locations":[{"start":{"line":33,"column":30},"end":{"line":33,"column":49}},{"start":{"line":33,"column":53},"end":{"line":33,"column":72}}],"line":33},"1":{"loc":{"start":{"line":46,"column":12},"end":{"line":53,"column":13}},"type":"if","locations":[{"start":{"line":46,"column":12},"end":{"line":53,"column":13}},{"start":{"line":51,"column":19},"end":{"line":53,"column":13}}],"line":46},"2":{"loc":{"start":{"line":83,"column":28},"end":{"line":83,"column":73}},"type":"cond-expr","locations":[{"start":{"line":83,"column":48},"end":{"line":83,"column":61}},{"start":{"line":83,"column":64},"end":{"line":83,"column":73}}],"line":83},"3":{"loc":{"start":{"line":84,"column":37},"end":{"line":84,"column":75}},"type":"cond-expr","locations":[{"start":{"line":84,"column":57},"end":{"line":84,"column":63}},{"start":{"line":84,"column":66},"end":{"line":84,"column":75}}],"line":84},"4":{"loc":{"start":{"line":94,"column":13},"end":{"line":104,"column":13}},"type":"binary-expr","locations":[{"start":{"line":94,"column":13},"end":{"line":94,"column":25}},{"start":{"line":95,"column":16},"end":{"line":103,"column":22}}],"line":94}},"s":{"0":3,"1":5,"2":5,"3":5,"4":5,"5":5,"6":5,"7":0,"8":0,"9":0,"10":0,"11":0,"12":0,"13":0,"14":0,"15":0,"16":0,"17":0,"18":5,"19":1,"20":1,"21":0},"f":{"0":3,"1":5,"2":0,"3":1,"4":1,"5":0},"b":{"0":[5,2],"1":[0,0],"2":[4,1],"3":[4,1],"4":[5,0]},"_coverageSchema":"1a1c01bbd47fc00a2c39e90264f33305004495a9","hash":"4798247a0c7c4123165b07688ef728186a56c391"}
,"C:\\Users\\victo\\Projeto-LabProg\\src\\homepage.jsx": {"path":"C:\\Users\\victo\\Projeto-LabProg\\src\\homepage.jsx","statementMap":{"0":{"start":{"line":6,"column":24},"end":{"line":256,"column":1}},"1":{"start":{"line":7,"column":21},"end":{"line":7,"column":34}},"2":{"start":{"line":9,"column":36},"end":{"line":9,"column":57}},"3":{"start":{"line":10,"column":32},"end":{"line":10,"column":95}},"4":{"start":{"line":11,"column":40},"end":{"line":11,"column":52}},"5":{"start":{"line":12,"column":40},"end":{"line":12,"column":54}},"6":{"start":{"line":15,"column":46},"end":{"line":15,"column":58}},"7":{"start":{"line":16,"column":38},"end":{"line":16,"column":50}},"8":{"start":{"line":17,"column":36},"end":{"line":17,"column":55}},"9":{"start":{"line":18,"column":46},"end":{"line":18,"column":69}},"10":{"start":{"line":21,"column":37},"end":{"line":60,"column":5}},"11":{"start":{"line":22,"column":22},"end":{"line":22,"column":51}},"12":{"start":{"line":24,"column":8},"end":{"line":27,"column":9}},"13":{"start":{"line":25,"column":12},"end":{"line":25,"column":26}},"14":{"start":{"line":26,"column":12},"end":{"line":26,"column":19}},"15":{"start":{"line":29,"column":8},"end":{"line":59,"column":9}},"16":{"start":{"line":30,"column":29},"end":{"line":32,"column":14}},"17":{"start":{"line":34,"column":12},"end":{"line":38,"column":13}},"18":{"start":{"line":35,"column":16},"end":{"line":35,"column":49}},"19":{"start":{"line":36,"column":16},"end":{"line":36,"column":30}},"20":{"start":{"line":37,"column":16},"end":{"line":37,"column":23}},"21":{"start":{"line":40,"column":26},"end":{"line":40,"column":47}},"22":{"start":{"line":43,"column":12},"end":{"line":52,"column":13}},"23":{"start":{"line":44,"column":16},"end":{"line":44,"column":40}},"24":{"start":{"line":45,"column":16},"end":{"line":45,"column":48}},"25":{"start":{"line":48,"column":16},"end":{"line":48,"column":68}},"26":{"start":{"line":49,"column":16},"end":{"line":49,"column":81}},"27":{"start":{"line":50,"column":16},"end":{"line":50,"column":34}},"28":{"start":{"line":51,"column":16},"end":{"line":51,"column":96}},"29":{"start":{"line":54,"column":12},"end":{"line":54,"column":67}},"30":{"start":{"line":55,"column":12},"end":{"line":55,"column":77}},"31":{"start":{"line":56,"column":12},"end":{"line":56,"column":30}},"32":{"start":{"line":58,"column":12},"end":{"line":58,"column":33}},"33":{"start":{"line":63,"column":4},"end":{"line":65,"column":19}},"34":{"start":{"line":64,"column":8},"end":{"line":64,"column":35}},"35":{"start":{"line":68,"column":37},"end":{"line":102,"column":5}},"36":{"start":{"line":69,"column":8},"end":{"line":69,"column":27}},"37":{"start":{"line":71,"column":22},"end":{"line":71,"column":51}},"38":{"start":{"line":72,"column":8},"end":{"line":72,"column":27}},"39":{"start":{"line":72,"column":20},"end":{"line":72,"column":27}},"40":{"start":{"line":74,"column":8},"end":{"line":101,"column":9}},"41":{"start":{"line":75,"column":29},"end":{"line":87,"column":14}},"42":{"start":{"line":89,"column":12},"end":{"line":98,"column":13}},"43":{"start":{"line":91,"column":16},"end":{"line":91,"column":37}},"44":{"start":{"line":92,"column":16},"end":{"line":92,"column":33}},"45":{"start":{"line":93,"column":16},"end":{"line":93,"column":39}},"46":{"start":{"line":94,"column":16},"end":{"line":94,"column":48}},"47":{"start":{"line":95,"column":16},"end":{"line":95,"column":43}},"48":{"start":{"line":97,"column":16},"end":{"line":97,"column":54}},"49":{"start":{"line":100,"column":12},"end":{"line":100,"column":58}},"50":{"start":{"line":104,"column":35},"end":{"line":123,"column":5}},"51":{"start":{"line":105,"column":8},"end":{"line":105,"column":89}},"52":{"start":{"line":105,"column":82},"end":{"line":105,"column":89}},"53":{"start":{"line":107,"column":22},"end":{"line":107,"column":51}},"54":{"start":{"line":108,"column":8},"end":{"line":122,"column":9}},"55":{"start":{"line":109,"column":29},"end":{"line":112,"column":14}},"56":{"start":{"line":114,"column":12},"end":{"line":119,"column":13}},"57":{"start":{"line":116,"column":16},"end":{"line":116,"column":43}},"58":{"start":{"line":118,"column":16},"end":{"line":118,"column":55}},"59":{"start":{"line":121,"column":12},"end":{"line":121,"column":54}},"60":{"start":{"line":125,"column":25},"end":{"line":129,"column":5}},"61":{"start":{"line":126,"column":8},"end":{"line":126,"column":27}},"62":{"start":{"line":127,"column":8},"end":{"line":127,"column":41}},"63":{"start":{"line":128,"column":8},"end":{"line":128,"column":22}},"64":{"start":{"line":131,"column":26},"end":{"line":134,"column":5}},"65":{"start":{"line":132,"column":30},"end":{"line":132,"column":43}},"66":{"start":{"line":133,"column":8},"end":{"line":133,"column":93}},"67":{"start":{"line":136,"column":4},"end":{"line":138,"column":5}},"68":{"start":{"line":137,"column":8},"end":{"line":137,"column":119}},"69":{"start":{"line":141,"column":4},"end":{"line":255,"column":6}},"70":{"start":{"line":148,"column":74},"end":{"line":148,"column":98}},"71":{"start":{"line":151,"column":74},"end":{"line":151,"column":99}},"72":{"start":{"line":160,"column":45},"end":{"line":160,"column":78}},"73":{"start":{"line":160,"column":79},"end":{"line":160,"column":93}},"74":{"start":{"line":185,"column":116},"end":{"line":185,"column":148}},"75":{"start":{"line":186,"column":110},"end":{"line":186,"column":138}},"76":{"start":{"line":187,"column":76},"end":{"line":187,"column":103}},"77":{"start":{"line":191,"column":81},"end":{"line":191,"column":113}},"78":{"start":{"line":206,"column":32},"end":{"line":224,"column":37}},"79":{"start":{"line":217,"column":59},"end":{"line":217,"column":88}},"80":{"start":{"line":232,"column":40},"end":{"line":237,"column":45}}},"fnMap":{"0":{"name":"(anonymous_0)","decl":{"start":{"line":6,"column":24},"end":{"line":6,"column":25}},"loc":{"start":{"line":6,"column":30},"end":{"line":256,"column":1}},"line":6},"1":{"name":"(anonymous_1)","decl":{"start":{"line":21,"column":37},"end":{"line":21,"column":38}},"loc":{"start":{"line":21,"column":49},"end":{"line":60,"column":5}},"line":21},"2":{"name":"(anonymous_2)","decl":{"start":{"line":63,"column":14},"end":{"line":63,"column":15}},"loc":{"start":{"line":63,"column":20},"end":{"line":65,"column":5}},"line":63},"3":{"name":"(anonymous_3)","decl":{"start":{"line":68,"column":37},"end":{"line":68,"column":38}},"loc":{"start":{"line":68,"column":50},"end":{"line":102,"column":5}},"line":68},"4":{"name":"(anonymous_4)","decl":{"start":{"line":104,"column":35},"end":{"line":104,"column":36}},"loc":{"start":{"line":104,"column":49},"end":{"line":123,"column":5}},"line":104},"5":{"name":"(anonymous_5)","decl":{"start":{"line":125,"column":25},"end":{"line":125,"column":26}},"loc":{"start":{"line":125,"column":32},"end":{"line":129,"column":5}},"line":125},"6":{"name":"(anonymous_6)","decl":{"start":{"line":131,"column":26},"end":{"line":131,"column":27}},"loc":{"start":{"line":131,"column":37},"end":{"line":134,"column":5}},"line":131},"7":{"name":"(anonymous_7)","decl":{"start":{"line":148,"column":68},"end":{"line":148,"column":69}},"loc":{"start":{"line":148,"column":74},"end":{"line":148,"column":98}},"line":148},"8":{"name":"(anonymous_8)","decl":{"start":{"line":151,"column":68},"end":{"line":151,"column":69}},"loc":{"start":{"line":151,"column":74},"end":{"line":151,"column":99}},"line":151},"9":{"name":"(anonymous_9)","decl":{"start":{"line":160,"column":37},"end":{"line":160,"column":38}},"loc":{"start":{"line":160,"column":43},"end":{"line":160,"column":95}},"line":160},"10":{"name":"(anonymous_10)","decl":{"start":{"line":185,"column":111},"end":{"line":185,"column":112}},"loc":{"start":{"line":185,"column":116},"end":{"line":185,"column":148}},"line":185},"11":{"name":"(anonymous_11)","decl":{"start":{"line":186,"column":105},"end":{"line":186,"column":106}},"loc":{"start":{"line":186,"column":110},"end":{"line":186,"column":138}},"line":186},"12":{"name":"(anonymous_12)","decl":{"start":{"line":187,"column":71},"end":{"line":187,"column":72}},"loc":{"start":{"line":187,"column":76},"end":{"line":187,"column":103}},"line":187},"13":{"name":"(anonymous_13)","decl":{"start":{"line":191,"column":76},"end":{"line":191,"column":77}},"loc":{"start":{"line":191,"column":81},"end":{"line":191,"column":113}},"line":191},"14":{"name":"(anonymous_14)","decl":{"start":{"line":205,"column":43},"end":{"line":205,"column":44}},"loc":{"start":{"line":206,"column":32},"end":{"line":224,"column":37}},"line":206},"15":{"name":"(anonymous_15)","decl":{"start":{"line":217,"column":53},"end":{"line":217,"column":54}},"loc":{"start":{"line":217,"column":59},"end":{"line":217,"column":88}},"line":217},"16":{"name":"(anonymous_16)","decl":{"start":{"line":231,"column":52},"end":{"line":231,"column":53}},"loc":{"start":{"line":232,"column":40},"end":{"line":237,"column":45}},"line":232}},"branchMap":{"0":{"loc":{"start":{"line":24,"column":8},"end":{"line":27,"column":9}},"type":"if","locations":[{"start":{"line":24,"column":8},"end":{"line":27,"column":9}},{"start":{},"end":{}}],"line":24},"1":{"loc":{"start":{"line":34,"column":12},"end":{"line":38,"column":13}},"type":"if","locations":[{"start":{"line":34,"column":12},"end":{"line":38,"column":13}},{"start":{},"end":{}}],"line":34},"2":{"loc":{"start":{"line":34,"column":16},"end":{"line":34,"column":66}},"type":"binary-expr","locations":[{"start":{"line":34,"column":16},"end":{"line":34,"column":39}},{"start":{"line":34,"column":43},"end":{"line":34,"column":66}}],"line":34},"3":{"loc":{"start":{"line":43,"column":12},"end":{"line":52,"column":13}},"type":"if","locations":[{"start":{"line":43,"column":12},"end":{"line":52,"column":13}},{"start":{"line":46,"column":19},"end":{"line":52,"column":13}}],"line":43},"4":{"loc":{"start":{"line":51,"column":62},"end":{"line":51,"column":93}},"type":"binary-expr","locations":[{"start":{"line":51,"column":62},"end":{"line":51,"column":75}},{"start":{"line":51,"column":79},"end":{"line":51,"column":93}}],"line":51},"5":{"loc":{"start":{"line":72,"column":8},"end":{"line":72,"column":27}},"type":"if","locations":[{"start":{"line":72,"column":8},"end":{"line":72,"column":27}},{"start":{},"end":{}}],"line":72},"6":{"loc":{"start":{"line":89,"column":12},"end":{"line":98,"column":13}},"type":"if","locations":[{"start":{"line":89,"column":12},"end":{"line":98,"column":13}},{"start":{"line":96,"column":19},"end":{"line":98,"column":13}}],"line":89},"7":{"loc":{"start":{"line":105,"column":8},"end":{"line":105,"column":89}},"type":"if","locations":[{"start":{"line":105,"column":8},"end":{"line":105,"column":89}},{"start":{},"end":{}}],"line":105},"8":{"loc":{"start":{"line":114,"column":12},"end":{"line":119,"column":13}},"type":"if","locations":[{"start":{"line":114,"column":12},"end":{"line":119,"column":13}},{"start":{"line":117,"column":19},"end":{"line":119,"column":13}}],"line":114},"9":{"loc":{"start":{"line":136,"column":4},"end":{"line":138,"column":5}},"type":"if","locations":[{"start":{"line":136,"column":4},"end":{"line":138,"column":5}},{"start":{},"end":{}}],"line":136},"10":{"loc":{"start":{"line":147,"column":39},"end":{"line":147,"column":79}},"type":"cond-expr","locations":[{"start":{"line":147,"column":66},"end":{"line":147,"column":74}},{"start":{"line":147,"column":77},"end":{"line":147,"column":79}}],"line":147},"11":{"loc":{"start":{"line":150,"column":39},"end":{"line":150,"column":80}},"type":"cond-expr","locations":[{"start":{"line":150,"column":67},"end":{"line":150,"column":75}},{"start":{"line":150,"column":78},"end":{"line":150,"column":80}}],"line":150},"12":{"loc":{"start":{"line":159,"column":25},"end":{"line":159,"column":91}},"type":"cond-expr","locations":[{"start":{"line":159,"column":52},"end":{"line":159,"column":65}},{"start":{"line":159,"column":68},"end":{"line":159,"column":91}}],"line":159},"13":{"loc":{"start":{"line":164,"column":17},"end":{"line":243,"column":17}},"type":"binary-expr","locations":[{"start":{"line":164,"column":17},"end":{"line":164,"column":41}},{"start":{"line":165,"column":20},"end":{"line":242,"column":23}}],"line":164},"14":{"loc":{"start":{"line":212,"column":64},"end":{"line":212,"column":108}},"type":"cond-expr","locations":[{"start":{"line":212,"column":87},"end":{"line":212,"column":96}},{"start":{"line":212,"column":99},"end":{"line":212,"column":108}}],"line":212},"15":{"loc":{"start":{"line":213,"column":45},"end":{"line":213,"column":77}},"type":"cond-expr","locations":[{"start":{"line":213,"column":68},"end":{"line":213,"column":71}},{"start":{"line":213,"column":74},"end":{"line":213,"column":77}}],"line":213},"16":{"loc":{"start":{"line":234,"column":68},"end":{"line":234,"column":112}},"type":"cond-expr","locations":[{"start":{"line":234,"column":91},"end":{"line":234,"column":100}},{"start":{"line":234,"column":103},"end":{"line":234,"column":112}}],"line":234},"17":{"loc":{"start":{"line":235,"column":49},"end":{"line":235,"column":81}},"type":"cond-expr","locations":[{"start":{"line":235,"column":72},"end":{"line":235,"column":75}},{"start":{"line":235,"column":78},"end":{"line":235,"column":81}}],"line":235},"18":{"loc":{"start":{"line":246,"column":17},"end":{"line":252,"column":17}},"type":"binary-expr","locations":[{"start":{"line":246,"column":17},"end":{"line":246,"column":42}},{"start":{"line":247,"column":20},"end":{"line":251,"column":30}}],"line":246}},"s":{"0":2,"1":0,"2":0,"3":0,"4":0,"5":0,"6":0,"7":0,"8":0,"9":0,"10":0,"11":0,"12":0,"13":0,"14":0,"15":0,"16":0,"17":0,"18":0,"19":0,"20":0,"21":0,"22":0,"23":0,"24":0,"25":0,"26":0,"27":0,"28":0,"29":0,"30":0,"31":0,"32":0,"33":0,"34":0,"35":0,"36":0,"37":0,"38":0,"39":0,"40":0,"41":0,"42":0,"43":0,"44":0,"45":0,"46":0,"47":0,"48":0,"49":0,"50":0,"51":0,"52":0,"53":0,"54":0,"55":0,"56":0,"57":0,"58":0,"59":0,"60":0,"61":0,"62":0,"63":0,"64":0,"65":0,"66":0,"67":0,"68":0,"69":0,"70":0,"71":0,"72":0,"73":0,"74":0,"75":0,"76":0,"77":0,"78":0,"79":0,"80":0},"f":{"0":0,"1":0,"2":0,"3":0,"4":0,"5":0,"6":0,"7":0,"8":0,"9":0,"10":0,"11":0,"12":0,"13":0,"14":0,"15":0,"16":0},"b":{"0":[0,0],"1":[0,0],"2":[0,0],"3":[0,0],"4":[0,0],"5":[0,0],"6":[0,0],"7":[0,0],"8":[0,0],"9":[0,0],"10":[0,0],"11":[0,0],"12":[0,0],"13":[0,0],"14":[0,0],"15":[0,0],"16":[0,0],"17":[0,0],"18":[0,0]},"_coverageSchema":"1a1c01bbd47fc00a2c39e90264f33305004495a9","hash":"0b949c98e3336a98e2ee92816938b602939b775c"}
,"C:\\Users\\victo\\Projeto-LabProg\\src\\registerpage.jsx": {"path":"C:\\Users\\victo\\Projeto-LabProg\\src\\registerpage.jsx","statementMap":{"0":{"start":{"line":10,"column":27},"end":{"line":10,"column":39}},"1":{"start":{"line":11,"column":28},"end":{"line":11,"column":40}},"2":{"start":{"line":12,"column":19},"end":{"line":12,"column":32}},"3":{"start":{"line":14,"column":41},"end":{"line":14,"column":56}},"4":{"start":{"line":15,"column":28},"end":{"line":15,"column":70}},"5":{"start":{"line":17,"column":27},"end":{"line":34,"column":5}},"6":{"start":{"line":18,"column":8},"end":{"line":18,"column":27}},"7":{"start":{"line":20,"column":25},"end":{"line":24,"column":10}},"8":{"start":{"line":26,"column":21},"end":{"line":26,"column":42}},"9":{"start":{"line":28,"column":8},"end":{"line":33,"column":9}},"10":{"start":{"line":29,"column":12},"end":{"line":29,"column":41}},"11":{"start":{"line":32,"column":12},"end":{"line":32,"column":32}},"12":{"start":{"line":36,"column":28},"end":{"line":39,"column":3}},"13":{"start":{"line":37,"column":4},"end":{"line":37,"column":27}},"14":{"start":{"line":38,"column":4},"end":{"line":38,"column":18}},"15":{"start":{"line":41,"column":4},"end":{"line":75,"column":6}},"16":{"start":{"line":47,"column":109},"end":{"line":47,"column":133}},"17":{"start":{"line":50,"column":108},"end":{"line":50,"column":132}}},"fnMap":{"0":{"name":"RegisterPage","decl":{"start":{"line":8,"column":9},"end":{"line":8,"column":21}},"loc":{"start":{"line":8,"column":24},"end":{"line":76,"column":1}},"line":8},"1":{"name":"(anonymous_1)","decl":{"start":{"line":17,"column":27},"end":{"line":17,"column":28}},"loc":{"start":{"line":17,"column":40},"end":{"line":34,"column":5}},"line":17},"2":{"name":"(anonymous_2)","decl":{"start":{"line":36,"column":28},"end":{"line":36,"column":29}},"loc":{"start":{"line":36,"column":34},"end":{"line":39,"column":3}},"line":36},"3":{"name":"(anonymous_3)","decl":{"start":{"line":47,"column":102},"end":{"line":47,"column":103}},"loc":{"start":{"line":47,"column":109},"end":{"line":47,"column":133}},"line":47},"4":{"name":"(anonymous_4)","decl":{"start":{"line":50,"column":101},"end":{"line":50,"column":102}},"loc":{"start":{"line":50,"column":108},"end":{"line":50,"column":132}},"line":50}},"branchMap":{"0":{"loc":{"start":{"line":15,"column":28},"end":{"line":15,"column":70}},"type":"binary-expr","locations":[{"start":{"line":15,"column":28},"end":{"line":15,"column":47}},{"start":{"line":15,"column":51},"end":{"line":15,"column":70}}],"line":15},"1":{"loc":{"start":{"line":28,"column":8},"end":{"line":33,"column":9}},"type":"if","locations":[{"start":{"line":28,"column":8},"end":{"line":33,"column":9}},{"start":{"line":31,"column":15},"end":{"line":33,"column":9}}],"line":28},"2":{"loc":{"start":{"line":53,"column":26},"end":{"line":53,"column":71}},"type":"cond-expr","locations":[{"start":{"line":53,"column":46},"end":{"line":53,"column":59}},{"start":{"line":53,"column":62},"end":{"line":53,"column":71}}],"line":53},"3":{"loc":{"start":{"line":54,"column":36},"end":{"line":54,"column":74}},"type":"cond-expr","locations":[{"start":{"line":54,"column":56},"end":{"line":54,"column":62}},{"start":{"line":54,"column":65},"end":{"line":54,"column":74}}],"line":54},"4":{"loc":{"start":{"line":64,"column":13},"end":{"line":73,"column":13}},"type":"binary-expr","locations":[{"start":{"line":64,"column":13},"end":{"line":64,"column":25}},{"start":{"line":65,"column":15},"end":{"line":72,"column":22}}],"line":64}},"s":{"0":0,"1":0,"2":0,"3":0,"4":0,"5":0,"6":0,"7":0,"8":0,"9":0,"10":0,"11":0,"12":0,"13":0,"14":0,"15":0,"16":0,"17":0},"f":{"0":0,"1":0,"2":0,"3":0,"4":0},"b":{"0":[0,0],"1":[0,0],"2":[0,0],"3":[0,0],"4":[0,0]},"_coverageSchema":"1a1c01bbd47fc00a2c39e90264f33305004495a9","hash":"1cd90de458764827e09bc8fb32d9bec93f387af6"}
,"C:\\Users\\victo\\Projeto-LabProg\\src\\relatorios.jsx": {"path":"C:\\Users\\victo\\Projeto-LabProg\\src\\relatorios.jsx","statementMap":{"0":{"start":{"line":4,"column":26},"end":{"line":45,"column":1}},"1":{"start":{"line":6,"column":27},"end":{"line":16,"column":14}},"2":{"start":{"line":7,"column":21},"end":{"line":7,"column":41}},"3":{"start":{"line":9,"column":26},"end":{"line":9,"column":74}},"4":{"start":{"line":9,"column":48},"end":{"line":9,"column":73}},"5":{"start":{"line":10,"column":12},"end":{"line":14,"column":13}},"6":{"start":{"line":11,"column":16},"end":{"line":11,"column":52}},"7":{"start":{"line":13,"column":16},"end":{"line":13,"column":84}},"8":{"start":{"line":15,"column":12},"end":{"line":15,"column":23}},"9":{"start":{"line":18,"column":18},"end":{"line":18,"column":84}},"10":{"start":{"line":20,"column":4},"end":{"line":44,"column":6}},"11":{"start":{"line":36,"column":28},"end":{"line":36,"column":93}},"12":{"start":{"line":39,"column":51},"end":{"line":39,"column":75}}},"fnMap":{"0":{"name":"(anonymous_0)","decl":{"start":{"line":4,"column":26},"end":{"line":4,"column":27}},"loc":{"start":{"line":4,"column":46},"end":{"line":45,"column":1}},"line":4},"1":{"name":"(anonymous_1)","decl":{"start":{"line":7,"column":16},"end":{"line":7,"column":17}},"loc":{"start":{"line":7,"column":21},"end":{"line":7,"column":41}},"line":7},"2":{"name":"(anonymous_2)","decl":{"start":{"line":8,"column":16},"end":{"line":8,"column":17}},"loc":{"start":{"line":8,"column":28},"end":{"line":16,"column":9}},"line":8},"3":{"name":"(anonymous_3)","decl":{"start":{"line":9,"column":40},"end":{"line":9,"column":41}},"loc":{"start":{"line":9,"column":48},"end":{"line":9,"column":73}},"line":9},"4":{"name":"(anonymous_4)","decl":{"start":{"line":35,"column":44},"end":{"line":35,"column":45}},"loc":{"start":{"line":36,"column":28},"end":{"line":36,"column":93}},"line":36},"5":{"name":"(anonymous_5)","decl":{"start":{"line":39,"column":40},"end":{"line":39,"column":41}},"loc":{"start":{"line":39,"column":51},"end":{"line":39,"column":75}},"line":39}},"branchMap":{"0":{"loc":{"start":{"line":6,"column":28},"end":{"line":6,"column":44}},"type":"binary-expr","locations":[{"start":{"line":6,"column":28},"end":{"line":6,"column":38}},{"start":{"line":6,"column":42},"end":{"line":6,"column":44}}],"line":6},"1":{"loc":{"start":{"line":10,"column":12},"end":{"line":14,"column":13}},"type":"if","locations":[{"start":{"line":10,"column":12},"end":{"line":14,"column":13}},{"start":{"line":12,"column":19},"end":{"line":14,"column":13}}],"line":10},"2":{"loc":{"start":{"line":13,"column":33},"end":{"line":13,"column":56}},"type":"binary-expr","locations":[{"start":{"line":13,"column":33},"end":{"line":13,"column":44}},{"start":{"line":13,"column":48},"end":{"line":13,"column":56}}],"line":13}},"s":{"0":3,"1":1,"2":2,"3":1,"4":0,"5":1,"6":0,"7":1,"8":1,"9":1,"10":1,"11":1,"12":0},"f":{"0":1,"1":2,"2":1,"3":0,"4":1,"5":0},"b":{"0":[1,0],"1":[0,1],"2":[1,0]},"_coverageSchema":"1a1c01bbd47fc00a2c39e90264f33305004495a9","hash":"8ef69f7488cb2836b0b6548ee31c5d28786f50a2"}
}
