TN:
SF:src\App.jsx
FN:11,App
FN:26,LoginContent
FN:35,(anonymous_2)
FN:70,(anonymous_3)
FN:79,(anonymous_4)
FN:99,(anonymous_5)
FNF:6
FNH:4
FNDA:3,App
FNDA:5,LoginContent
FNDA:0,(anonymous_2)
FNDA:1,(anonymous_3)
FNDA:1,(anonymous_4)
FNDA:0,(anonymous_5)
DA:12,3
DA:27,5
DA:28,5
DA:29,5
DA:31,5
DA:33,5
DA:35,5
DA:36,0
DA:37,0
DA:39,0
DA:40,0
DA:46,0
DA:47,0
DA:48,0
DA:49,0
DA:50,0
DA:52,0
DA:55,0
DA:59,5
DA:70,1
DA:79,1
DA:99,0
LF:22
LH:10
BRDA:33,0,0,5
BRDA:33,0,1,2
BRDA:46,1,0,0
BRDA:46,1,1,0
BRDA:83,2,0,4
BRDA:83,2,1,1
BRDA:84,3,0,4
BRDA:84,3,1,1
BRDA:94,4,0,5
BRDA:94,4,1,0
BRF:10
BRH:7
end_of_record
TN:
SF:src\homepage.jsx
FN:6,(anonymous_0)
FN:21,(anonymous_1)
FN:63,(anonymous_2)
FN:68,(anonymous_3)
FN:104,(anonymous_4)
FN:125,(anonymous_5)
FN:131,(anonymous_6)
FN:148,(anonymous_7)
FN:151,(anonymous_8)
FN:160,(anonymous_9)
FN:185,(anonymous_10)
FN:186,(anonymous_11)
FN:187,(anonymous_12)
FN:191,(anonymous_13)
FN:205,(anonymous_14)
FN:217,(anonymous_15)
FN:231,(anonymous_16)
FNF:17
FNH:0
FNDA:0,(anonymous_0)
FNDA:0,(anonymous_1)
FNDA:0,(anonymous_2)
FNDA:0,(anonymous_3)
FNDA:0,(anonymous_4)
FNDA:0,(anonymous_5)
FNDA:0,(anonymous_6)
FNDA:0,(anonymous_7)
FNDA:0,(anonymous_8)
FNDA:0,(anonymous_9)
FNDA:0,(anonymous_10)
FNDA:0,(anonymous_11)
FNDA:0,(anonymous_12)
FNDA:0,(anonymous_13)
FNDA:0,(anonymous_14)
FNDA:0,(anonymous_15)
FNDA:0,(anonymous_16)
DA:6,2
DA:7,0
DA:9,0
DA:10,0
DA:11,0
DA:12,0
DA:15,0
DA:16,0
DA:17,0
DA:18,0
DA:21,0
DA:22,0
DA:24,0
DA:25,0
DA:26,0
DA:29,0
DA:30,0
DA:34,0
DA:35,0
DA:36,0
DA:37,0
DA:40,0
DA:43,0
DA:44,0
DA:45,0
DA:48,0
DA:49,0
DA:50,0
DA:51,0
DA:54,0
DA:55,0
DA:56,0
DA:58,0
DA:63,0
DA:64,0
DA:68,0
DA:69,0
DA:71,0
DA:72,0
DA:74,0
DA:75,0
DA:89,0
DA:91,0
DA:92,0
DA:93,0
DA:94,0
DA:95,0
DA:97,0
DA:100,0
DA:104,0
DA:105,0
DA:107,0
DA:108,0
DA:109,0
DA:114,0
DA:116,0
DA:118,0
DA:121,0
DA:125,0
DA:126,0
DA:127,0
DA:128,0
DA:131,0
DA:132,0
DA:133,0
DA:136,0
DA:137,0
DA:141,0
DA:148,0
DA:151,0
DA:160,0
DA:185,0
DA:186,0
DA:187,0
DA:191,0
DA:206,0
DA:217,0
DA:232,0
LF:78
LH:1
BRDA:24,0,0,0
BRDA:24,0,1,0
BRDA:34,1,0,0
BRDA:34,1,1,0
BRDA:34,2,0,0
BRDA:34,2,1,0
BRDA:43,3,0,0
BRDA:43,3,1,0
BRDA:51,4,0,0
BRDA:51,4,1,0
BRDA:72,5,0,0
BRDA:72,5,1,0
BRDA:89,6,0,0
BRDA:89,6,1,0
BRDA:105,7,0,0
BRDA:105,7,1,0
BRDA:114,8,0,0
BRDA:114,8,1,0
BRDA:136,9,0,0
BRDA:136,9,1,0
BRDA:147,10,0,0
BRDA:147,10,1,0
BRDA:150,11,0,0
BRDA:150,11,1,0
BRDA:159,12,0,0
BRDA:159,12,1,0
BRDA:164,13,0,0
BRDA:164,13,1,0
BRDA:212,14,0,0
BRDA:212,14,1,0
BRDA:213,15,0,0
BRDA:213,15,1,0
BRDA:234,16,0,0
BRDA:234,16,1,0
BRDA:235,17,0,0
BRDA:235,17,1,0
BRDA:246,18,0,0
BRDA:246,18,1,0
BRF:38
BRH:0
end_of_record
TN:
SF:src\registerpage.jsx
FN:8,RegisterPage
FN:17,(anonymous_1)
FN:36,(anonymous_2)
FN:47,(anonymous_3)
FN:50,(anonymous_4)
FNF:5
FNH:0
FNDA:0,RegisterPage
FNDA:0,(anonymous_1)
FNDA:0,(anonymous_2)
FNDA:0,(anonymous_3)
FNDA:0,(anonymous_4)
DA:10,0
DA:11,0
DA:12,0
DA:14,0
DA:15,0
DA:17,0
DA:18,0
DA:20,0
DA:26,0
DA:28,0
DA:29,0
DA:32,0
DA:36,0
DA:37,0
DA:38,0
DA:41,0
DA:47,0
DA:50,0
LF:18
LH:0
BRDA:15,0,0,0
BRDA:15,0,1,0
BRDA:28,1,0,0
BRDA:28,1,1,0
BRDA:53,2,0,0
BRDA:53,2,1,0
BRDA:54,3,0,0
BRDA:54,3,1,0
BRDA:64,4,0,0
BRDA:64,4,1,0
BRF:10
BRH:0
end_of_record
TN:
SF:src\relatorios.jsx
FN:4,(anonymous_0)
FN:7,(anonymous_1)
FN:8,(anonymous_2)
FN:9,(anonymous_3)
FN:35,(anonymous_4)
FN:39,(anonymous_5)
FNF:6
FNH:4
FNDA:1,(anonymous_0)
FNDA:2,(anonymous_1)
FNDA:1,(anonymous_2)
FNDA:0,(anonymous_3)
FNDA:1,(anonymous_4)
FNDA:0,(anonymous_5)
DA:4,3
DA:6,1
DA:7,2
DA:9,1
DA:10,1
DA:11,0
DA:13,1
DA:15,1
DA:18,1
DA:20,1
DA:36,1
DA:39,0
LF:12
LH:10
BRDA:6,0,0,1
BRDA:6,0,1,0
BRDA:10,1,0,0
BRDA:10,1,1,1
BRDA:13,2,0,1
BRDA:13,2,1,0
BRF:6
BRH:3
end_of_record
