{"C:\\Users\\joao_\\source\\repos\\LabProg\\labprog\\backend\\server.js": {"path":"C:\\Users\\joao_\\source\\repos\\LabProg\\labprog\\backend\\server.js","statementMap":{"0":{"start":{"line":1,"column":16},"end":{"line":1,"column":34}},"1":{"start":{"line":2,"column":13},"end":{"line":2,"column":28}},"2":{"start":{"line":3,"column":24},"end":{"line":3,"column":42}},"3":{"start":{"line":4,"column":12},"end":{"line":4,"column":21}},"4":{"start":{"line":5,"column":22},"end":{"line":5,"column":50}},"5":{"start":{"line":6,"column":19},"end":{"line":6,"column":44}},"6":{"start":{"line":7,"column":23},"end":{"line":7,"column":51}},"7":{"start":{"line":8,"column":24},"end":{"line":8,"column":54}},"8":{"start":{"line":11,"column":0},"end":{"line":11,"column":16}},"9":{"start":{"line":12,"column":0},"end":{"line":12,"column":24}},"10":{"start":{"line":14,"column":12},"end":{"line":14,"column":140}},"11":{"start":{"line":15,"column":15},"end":{"line":17,"column":2}},"12":{"start":{"line":20,"column":4},"end":{"line":26,"column":5}},"13":{"start":{"line":21,"column":8},"end":{"line":21,"column":31}},"14":{"start":{"line":22,"column":8},"end":{"line":22,"column":39}},"15":{"start":{"line":23,"column":8},"end":{"line":23,"column":45}},"16":{"start":{"line":25,"column":8},"end":{"line":25,"column":60}},"17":{"start":{"line":29,"column":0},"end":{"line":29,"column":12}},"18":{"start":{"line":31,"column":0},"end":{"line":33,"column":3}},"19":{"start":{"line":32,"column":4},"end":{"line":32,"column":44}},"20":{"start":{"line":35,"column":0},"end":{"line":40,"column":3}},"21":{"start":{"line":36,"column":4},"end":{"line":39,"column":7}},"22":{"start":{"line":43,"column":0},"end":{"line":43,"column":32}},"23":{"start":{"line":44,"column":0},"end":{"line":44,"column":28}},"24":{"start":{"line":45,"column":0},"end":{"line":45,"column":44}},"25":{"start":{"line":47,"column":13},"end":{"line":47,"column":17}},"26":{"start":{"line":49,"column":0},"end":{"line":53,"column":1}},"27":{"start":{"line":50,"column":4},"end":{"line":52,"column":7}},"28":{"start":{"line":51,"column":8},"end":{"line":51,"column":58}},"29":{"start":{"line":56,"column":0},"end":{"line":56,"column":21}}},"fnMap":{"0":{"name":"connectDB","decl":{"start":{"line":19,"column":15},"end":{"line":19,"column":24}},"loc":{"start":{"line":19,"column":27},"end":{"line":27,"column":1}},"line":19},"1":{"name":"(anonymous_1)","decl":{"start":{"line":31,"column":19},"end":{"line":31,"column":20}},"loc":{"start":{"line":31,"column":33},"end":{"line":33,"column":1}},"line":31},"2":{"name":"(anonymous_2)","decl":{"start":{"line":35,"column":44},"end":{"line":35,"column":45}},"loc":{"start":{"line":35,"column":58},"end":{"line":40,"column":1}},"line":35},"3":{"name":"(anonymous_3)","decl":{"start":{"line":50,"column":21},"end":{"line":50,"column":22}},"loc":{"start":{"line":50,"column":27},"end":{"line":52,"column":5}},"line":50}},"branchMap":{"0":{"loc":{"start":{"line":49,"column":0},"end":{"line":53,"column":1}},"type":"if","locations":[{"start":{"line":49,"column":0},"end":{"line":53,"column":1}},{"start":{},"end":{}}],"line":49}},"s":{"0":2,"1":2,"2":2,"3":2,"4":2,"5":2,"6":2,"7":2,"8":2,"9":2,"10":2,"11":2,"12":2,"13":2,"14":2,"15":2,"16":0,"17":2,"18":2,"19":0,"20":2,"21":0,"22":2,"23":2,"24":2,"25":2,"26":2,"27":0,"28":0,"29":2},"f":{"0":2,"1":0,"2":0,"3":0},"b":{"0":[0,2]},"_coverageSchema":"1a1c01bbd47fc00a2c39e90264f33305004495a9","hash":"83510d5bca2652bce41cc1fde7e7207b255939af"}
,"C:\\Users\\joao_\\source\\repos\\LabProg\\labprog\\backend\\middleware\\auth.js": {"path":"C:\\Users\\joao_\\source\\repos\\LabProg\\labprog\\backend\\middleware\\auth.js","statementMap":{"0":{"start":{"line":1,"column":12},"end":{"line":1,"column":35}},"1":{"start":{"line":3,"column":23},"end":{"line":28,"column":1}},"2":{"start":{"line":5,"column":23},"end":{"line":5,"column":51}},"3":{"start":{"line":6,"column":18},"end":{"line":6,"column":56}},"4":{"start":{"line":9,"column":4},"end":{"line":11,"column":5}},"5":{"start":{"line":10,"column":8},"end":{"line":10,"column":89}},"6":{"start":{"line":13,"column":4},"end":{"line":27,"column":5}},"7":{"start":{"line":15,"column":23},"end":{"line":15,"column":66}},"8":{"start":{"line":17,"column":24},"end":{"line":17,"column":49}},"9":{"start":{"line":20,"column":8},"end":{"line":20,"column":30}},"10":{"start":{"line":23,"column":8},"end":{"line":23,"column":15}},"11":{"start":{"line":26,"column":8},"end":{"line":26,"column":81}},"12":{"start":{"line":30,"column":0},"end":{"line":30,"column":32}}},"fnMap":{"0":{"name":"(anonymous_0)","decl":{"start":{"line":3,"column":23},"end":{"line":3,"column":24}},"loc":{"start":{"line":3,"column":43},"end":{"line":28,"column":1}},"line":3}},"branchMap":{"0":{"loc":{"start":{"line":6,"column":18},"end":{"line":6,"column":56}},"type":"binary-expr","locations":[{"start":{"line":6,"column":18},"end":{"line":6,"column":28}},{"start":{"line":6,"column":32},"end":{"line":6,"column":56}}],"line":6},"1":{"loc":{"start":{"line":9,"column":4},"end":{"line":11,"column":5}},"type":"if","locations":[{"start":{"line":9,"column":4},"end":{"line":11,"column":5}},{"start":{},"end":{}}],"line":9},"2":{"loc":{"start":{"line":15,"column":23},"end":{"line":15,"column":66}},"type":"binary-expr","locations":[{"start":{"line":15,"column":23},"end":{"line":15,"column":45}},{"start":{"line":15,"column":49},"end":{"line":15,"column":66}}],"line":15}},"s":{"0":1,"1":1,"2":0,"3":0,"4":0,"5":0,"6":0,"7":0,"8":0,"9":0,"10":0,"11":0,"12":1},"f":{"0":0},"b":{"0":[0,0],"1":[0,0],"2":[0,0]},"_coverageSchema":"1a1c01bbd47fc00a2c39e90264f33305004495a9","hash":"8800a9512d36485ff7e9423aeb6f9390194eed40"}
,"C:\\Users\\joao_\\source\\repos\\LabProg\\labprog\\backend\\routes\\login.js": {"path":"C:\\Users\\joao_\\source\\repos\\LabProg\\labprog\\backend\\routes\\login.js","statementMap":{"0":{"start":{"line":1,"column":16},"end":{"line":1,"column":34}},"1":{"start":{"line":2,"column":13},"end":{"line":2,"column":28}},"2":{"start":{"line":3,"column":15},"end":{"line":3,"column":32}},"3":{"start":{"line":4,"column":24},"end":{"line":4,"column":42}},"4":{"start":{"line":5,"column":12},"end":{"line":5,"column":21}},"5":{"start":{"line":6,"column":12},"end":{"line":6,"column":35}},"6":{"start":{"line":7,"column":18},"end":{"line":7,"column":35}},"7":{"start":{"line":8,"column":15},"end":{"line":8,"column":31}},"8":{"start":{"line":10,"column":0},"end":{"line":57,"column":3}},"9":{"start":{"line":11,"column":26},"end":{"line":11,"column":34}},"10":{"start":{"line":13,"column":4},"end":{"line":56,"column":5}},"11":{"start":{"line":14,"column":23},"end":{"line":14,"column":49}},"12":{"start":{"line":16,"column":8},"end":{"line":19,"column":9}},"13":{"start":{"line":17,"column":12},"end":{"line":17,"column":57}},"14":{"start":{"line":18,"column":12},"end":{"line":18,"column":93}},"15":{"start":{"line":21,"column":25},"end":{"line":21,"column":50}},"16":{"start":{"line":23,"column":25},"end":{"line":23,"column":56}},"17":{"start":{"line":25,"column":27},"end":{"line":25,"column":60}},"18":{"start":{"line":27,"column":8},"end":{"line":49,"column":13}},"19":{"start":{"line":28,"column":34},"end":{"line":28,"column":78}},"20":{"start":{"line":30,"column":12},"end":{"line":44,"column":13}},"21":{"start":{"line":31,"column":30},"end":{"line":35,"column":17}},"22":{"start":{"line":36,"column":16},"end":{"line":39,"column":19}},"23":{"start":{"line":41,"column":16},"end":{"line":43,"column":19}},"24":{"start":{"line":46,"column":16},"end":{"line":48,"column":19}},"25":{"start":{"line":52,"column":8},"end":{"line":52,"column":44}},"26":{"start":{"line":53,"column":8},"end":{"line":55,"column":11}},"27":{"start":{"line":59,"column":0},"end":{"line":59,"column":24}}},"fnMap":{"0":{"name":"(anonymous_0)","decl":{"start":{"line":10,"column":21},"end":{"line":10,"column":22}},"loc":{"start":{"line":10,"column":39},"end":{"line":57,"column":1}},"line":10}},"branchMap":{"0":{"loc":{"start":{"line":16,"column":8},"end":{"line":19,"column":9}},"type":"if","locations":[{"start":{"line":16,"column":8},"end":{"line":19,"column":9}},{"start":{},"end":{}}],"line":16},"1":{"loc":{"start":{"line":27,"column":8},"end":{"line":49,"column":13}},"type":"if","locations":[{"start":{"line":27,"column":8},"end":{"line":49,"column":13}},{"start":{"line":45,"column":14},"end":{"line":49,"column":13}}],"line":27},"2":{"loc":{"start":{"line":30,"column":12},"end":{"line":44,"column":13}},"type":"if","locations":[{"start":{"line":30,"column":12},"end":{"line":44,"column":13}},{"start":{"line":40,"column":18},"end":{"line":44,"column":13}}],"line":30}},"s":{"0":2,"1":2,"2":2,"3":2,"4":2,"5":2,"6":2,"7":2,"8":2,"9":0,"10":0,"11":0,"12":0,"13":0,"14":0,"15":0,"16":0,"17":0,"18":0,"19":0,"20":0,"21":0,"22":0,"23":0,"24":0,"25":0,"26":0,"27":2},"f":{"0":0},"b":{"0":[0,0],"1":[0,0],"2":[0,0]},"_coverageSchema":"1a1c01bbd47fc00a2c39e90264f33305004495a9","hash":"55ef2cca60a811688c8fe29334ac53d417fdacb0"}
,"C:\\Users\\joao_\\source\\repos\\LabProg\\labprog\\backend\\routes\\registro.js": {"path":"C:\\Users\\joao_\\source\\repos\\LabProg\\labprog\\backend\\routes\\registro.js","statementMap":{"0":{"start":{"line":1,"column":16},"end":{"line":1,"column":34}},"1":{"start":{"line":2,"column":15},"end":{"line":2,"column":32}},"2":{"start":{"line":3,"column":15},"end":{"line":3,"column":31}},"3":{"start":{"line":6,"column":0},"end":{"line":39,"column":3}},"4":{"start":{"line":7,"column":29},"end":{"line":7,"column":37}},"5":{"start":{"line":8,"column":4},"end":{"line":38,"column":5}},"6":{"start":{"line":9,"column":23},"end":{"line":9,"column":49}},"7":{"start":{"line":11,"column":8},"end":{"line":13,"column":9}},"8":{"start":{"line":12,"column":12},"end":{"line":12,"column":93}},"9":{"start":{"line":15,"column":25},"end":{"line":15,"column":50}},"10":{"start":{"line":16,"column":25},"end":{"line":16,"column":56}},"11":{"start":{"line":17,"column":27},"end":{"line":17,"column":60}},"12":{"start":{"line":18,"column":8},"end":{"line":20,"column":9}},"13":{"start":{"line":19,"column":12},"end":{"line":19,"column":74}},"14":{"start":{"line":23,"column":27},"end":{"line":23,"column":29}},"15":{"start":{"line":24,"column":31},"end":{"line":24,"column":67}},"16":{"start":{"line":26,"column":24},"end":{"line":30,"column":9}},"17":{"start":{"line":32,"column":8},"end":{"line":32,"column":42}},"18":{"start":{"line":33,"column":8},"end":{"line":33,"column":77}},"19":{"start":{"line":36,"column":8},"end":{"line":36,"column":29}},"20":{"start":{"line":37,"column":8},"end":{"line":37,"column":71}},"21":{"start":{"line":42,"column":0},"end":{"line":42,"column":24}}},"fnMap":{"0":{"name":"(anonymous_0)","decl":{"start":{"line":6,"column":25},"end":{"line":6,"column":26}},"loc":{"start":{"line":6,"column":45},"end":{"line":39,"column":1}},"line":6}},"branchMap":{"0":{"loc":{"start":{"line":11,"column":8},"end":{"line":13,"column":9}},"type":"if","locations":[{"start":{"line":11,"column":8},"end":{"line":13,"column":9}},{"start":{},"end":{}}],"line":11},"1":{"loc":{"start":{"line":18,"column":8},"end":{"line":20,"column":9}},"type":"if","locations":[{"start":{"line":18,"column":8},"end":{"line":20,"column":9}},{"start":{},"end":{}}],"line":18}},"s":{"0":2,"1":2,"2":2,"3":2,"4":0,"5":0,"6":0,"7":0,"8":0,"9":0,"10":0,"11":0,"12":0,"13":0,"14":0,"15":0,"16":0,"17":0,"18":0,"19":0,"20":0,"21":2},"f":{"0":0},"b":{"0":[0,0],"1":[0,0]},"_coverageSchema":"1a1c01bbd47fc00a2c39e90264f33305004495a9","hash":"b60f2cb76b81c08cda32ed37946621628938b6ab"}
,"C:\\Users\\joao_\\source\\repos\\LabProg\\labprog\\backend\\routes\\transacoes.js": {"path":"C:\\Users\\joao_\\source\\repos\\LabProg\\labprog\\backend\\routes\\transacoes.js","statementMap":{"0":{"start":{"line":1,"column":16},"end":{"line":1,"column":34}},"1":{"start":{"line":2,"column":15},"end":{"line":2,"column":31}},"2":{"start":{"line":3,"column":23},"end":{"line":3,"column":52}},"3":{"start":{"line":4,"column":34},"end":{"line":4,"column":52}},"4":{"start":{"line":6,"column":0},"end":{"line":31,"column":3}},"5":{"start":{"line":8,"column":4},"end":{"line":30,"column":5}},"6":{"start":{"line":9,"column":53},"end":{"line":9,"column":61}},"7":{"start":{"line":10,"column":23},"end":{"line":10,"column":49}},"8":{"start":{"line":11,"column":19},"end":{"line":11,"column":44}},"9":{"start":{"line":12,"column":37},"end":{"line":12,"column":64}},"10":{"start":{"line":15,"column":30},"end":{"line":22,"column":9}},"11":{"start":{"line":24,"column":8},"end":{"line":24,"column":60}},"12":{"start":{"line":25,"column":8},"end":{"line":25,"column":79}},"13":{"start":{"line":28,"column":8},"end":{"line":28,"column":61}},"14":{"start":{"line":29,"column":8},"end":{"line":29,"column":70}},"15":{"start":{"line":34,"column":0},"end":{"line":61,"column":3}},"16":{"start":{"line":35,"column":4},"end":{"line":60,"column":5}},"17":{"start":{"line":36,"column":8},"end":{"line":36,"column":48}},"18":{"start":{"line":37,"column":23},"end":{"line":37,"column":49}},"19":{"start":{"line":38,"column":19},"end":{"line":38,"column":44}},"20":{"start":{"line":39,"column":37},"end":{"line":39,"column":64}},"21":{"start":{"line":41,"column":27},"end":{"line":42,"column":80}},"22":{"start":{"line":44,"column":28},"end":{"line":44,"column":29}},"23":{"start":{"line":45,"column":28},"end":{"line":45,"column":29}},"24":{"start":{"line":47,"column":8},"end":{"line":50,"column":11}},"25":{"start":{"line":48,"column":12},"end":{"line":48,"column":63}},"26":{"start":{"line":48,"column":38},"end":{"line":48,"column":63}},"27":{"start":{"line":49,"column":12},"end":{"line":49,"column":63}},"28":{"start":{"line":49,"column":38},"end":{"line":49,"column":63}},"29":{"start":{"line":51,"column":27},"end":{"line":51,"column":56}},"30":{"start":{"line":53,"column":8},"end":{"line":56,"column":11}},"31":{"start":{"line":58,"column":8},"end":{"line":58,"column":59}},"32":{"start":{"line":59,"column":8},"end":{"line":59,"column":70}},"33":{"start":{"line":63,"column":0},"end":{"line":85,"column":3}},"34":{"start":{"line":64,"column":4},"end":{"line":84,"column":5}},"35":{"start":{"line":65,"column":23},"end":{"line":65,"column":49}},"36":{"start":{"line":66,"column":19},"end":{"line":66,"column":44}},"37":{"start":{"line":67,"column":37},"end":{"line":67,"column":64}},"38":{"start":{"line":70,"column":23},"end":{"line":73,"column":10}},"39":{"start":{"line":75,"column":8},"end":{"line":77,"column":9}},"40":{"start":{"line":76,"column":12},"end":{"line":76,"column":81}},"41":{"start":{"line":79,"column":8},"end":{"line":79,"column":64}},"42":{"start":{"line":82,"column":8},"end":{"line":82,"column":59}},"43":{"start":{"line":83,"column":8},"end":{"line":83,"column":70}},"44":{"start":{"line":87,"column":0},"end":{"line":87,"column":24}}},"fnMap":{"0":{"name":"(anonymous_0)","decl":{"start":{"line":6,"column":33},"end":{"line":6,"column":34}},"loc":{"start":{"line":6,"column":53},"end":{"line":31,"column":1}},"line":6},"1":{"name":"(anonymous_1)","decl":{"start":{"line":34,"column":32},"end":{"line":34,"column":33}},"loc":{"start":{"line":34,"column":52},"end":{"line":61,"column":1}},"line":34},"2":{"name":"(anonymous_2)","decl":{"start":{"line":47,"column":27},"end":{"line":47,"column":28}},"loc":{"start":{"line":47,"column":32},"end":{"line":50,"column":9}},"line":47},"3":{"name":"(anonymous_3)","decl":{"start":{"line":63,"column":38},"end":{"line":63,"column":39}},"loc":{"start":{"line":63,"column":58},"end":{"line":85,"column":1}},"line":63}},"branchMap":{"0":{"loc":{"start":{"line":48,"column":12},"end":{"line":48,"column":63}},"type":"if","locations":[{"start":{"line":48,"column":12},"end":{"line":48,"column":63}},{"start":{},"end":{}}],"line":48},"1":{"loc":{"start":{"line":49,"column":12},"end":{"line":49,"column":63}},"type":"if","locations":[{"start":{"line":49,"column":12},"end":{"line":49,"column":63}},{"start":{},"end":{}}],"line":49},"2":{"loc":{"start":{"line":75,"column":8},"end":{"line":77,"column":9}},"type":"if","locations":[{"start":{"line":75,"column":8},"end":{"line":77,"column":9}},{"start":{},"end":{}}],"line":75}},"s":{"0":2,"1":2,"2":2,"3":2,"4":2,"5":2,"6":2,"7":2,"8":2,"9":2,"10":2,"11":2,"12":2,"13":0,"14":0,"15":2,"16":0,"17":0,"18":0,"19":0,"20":0,"21":0,"22":0,"23":0,"24":0,"25":0,"26":0,"27":0,"28":0,"29":0,"30":0,"31":0,"32":0,"33":2,"34":0,"35":0,"36":0,"37":0,"38":0,"39":0,"40":0,"41":0,"42":0,"43":0,"44":2},"f":{"0":2,"1":0,"2":0,"3":0},"b":{"0":[0,0],"1":[0,0],"2":[0,0]},"_coverageSchema":"1a1c01bbd47fc00a2c39e90264f33305004495a9","hash":"2838c3299d74a60047b31d8a9320a757108a59ce"}
}
